<?xml version="1.0" encoding="utf-8" standalone="no"?>
<!--This file represents the results of running a test suite-->
<test-results name="C:\GitHub\Livetex-QA\ChatGenerator\ChatGenerator\bin\Debug\ChatGenerator.dll" total="1" errors="0" failures="0" not-run="0" inconclusive="0" ignored="0" skipped="0" invalid="0" date="2015-07-16" time="16:46:38">
  <environment nunit-version="2.6.4.14350" clr-version="2.0.50727.8009" os-version="Microsoft Windows NT 6.2.9200.0" platform="Win32NT" cwd="C:\Program Files (x86)\NUnit 2.6.4\bin" machine-name="WS-DEV-045" user="andrey.z" user-domain="LIVETEX" />
  <culture-info current-culture="ru-RU" current-uiculture="ru-RU" />
  <test-suite type="Assembly" name="C:\GitHub\Livetex-QA\ChatGenerator\ChatGenerator\bin\Debug\ChatGenerator.dll" executed="True" result="Success" success="True" time="22.248" asserts="0">
    <results>
      <test-suite type="Namespace" name="ChatGenerator" executed="True" result="Success" success="True" time="22.233" asserts="0">
        <results>
          <test-suite type="TestFixture" name="ChatGeneratorClass" executed="True" result="Success" success="True" time="22.231" asserts="0">
            <results>
              <test-suite type="ParameterizedTest" name="T001_FixedSearchThreeWords" executed="True" result="Success" success="True" time="22.223" asserts="0">
                <results>
                  <test-case name="ChatGenerator.ChatGeneratorClass.T001_FixedSearchThreeWords(&quot;103744&quot;,&quot;TestText&quot;,&quot;World&quot;,&quot;Hello, this is my message!!!&quot;)" executed="True" result="Success" success="True" time="22.217" asserts="0" />
                </results>
              </test-suite>
            </results>
          </test-suite>
        </results>
      </test-suite>
    </results>
  </test-suite>
</test-results>